Server is running on http://localhost:3200
Invitation message {
  method: 'post',
  maxBodyLength: Infinity,
  url: 'http://localhost:8021/connections/create-invitation',
  headers: { 'Content-Type': 'application/json' },
  data: '{}'
}
Invitation response {
  connection_id: 'd25fec2f-ea62-443d-a042-17759790bb2b',
  invitation: {
    '@type': 'did:sov:BzCbsNYhMrjHiqZDTUASHg;spec/connections/1.0/invitation',
    '@id': '1c6a2963-0eda-4d0a-96cd-8fd8aa328571',
    serviceEndpoint: 'http://veritable-cloudagent-issuer:8000',
    label: 'issuer.agent',
    recipientKeys: [ 'HfXmTskiHKvpTojxwBJ8rme4gjUhKvTNeA8wN9VZUMRu' ]
  },
  invitation_url: 'http://veritable-cloudagent-issuer:8000?c_i=eyJAdHlwZSI6ICJkaWQ6c292OkJ6Q2JzTlloTXJqSGlxWkRUVUFTSGc7c3BlYy9jb25uZWN0aW9ucy8xLjAvaW52aXRhdGlvbiIsICJAaWQiOiAiMWM2YTI5NjMtMGVkYS00ZDBhLTk2Y2QtOGZkOGFhMzI4NTcxIiwgInNlcnZpY2VFbmRwb2ludCI6ICJodHRwOi8vdmVyaXRhYmxlLWNsb3VkYWdlbnQtaXNzdWVyOjgwMDAiLCAibGFiZWwiOiAiaXNzdWVyLmFnZW50IiwgInJlY2lwaWVudEtleXMiOiBbIkhmWG1Uc2tpSEt2cFRvanh3Qko4cm1lNGdqVWhLdlROZUE4d045VlpVTVJ1Il19'
}
Invitation body {
  '@type': 'did:sov:BzCbsNYhMrjHiqZDTUASHg;spec/connections/1.0/invitation',
  '@id': '1c6a2963-0eda-4d0a-96cd-8fd8aa328571',
  serviceEndpoint: 'http://veritable-cloudagent-issuer:8000',
  label: 'issuer.agent',
  recipientKeys: [ 'HfXmTskiHKvpTojxwBJ8rme4gjUhKvTNeA8wN9VZUMRu' ]
}
Accept invitation response {
  created_at: '2023-11-15T14:51:25.116774Z',
  their_role: 'inviter',
  their_label: 'issuer.agent',
  my_did: 'EMU72o3Wb6hDksbGNTZUFv',
  updated_at: '2023-11-15T14:51:25.182572Z',
  state: 'request',
  invitation_key: 'HfXmTskiHKvpTojxwBJ8rme4gjUhKvTNeA8wN9VZUMRu',
  routing_state: 'none',
  accept: 'auto',
  connection_protocol: 'connections/1.0',
  connection_id: 'c406149a-7b97-497c-9b99-eda9c6ff9a87',
  rfc23_state: 'request-sent',
  invitation_mode: 'once',
  request_id: '08095811-6198-4c04-8d43-4e64eaf88bc8',
  invitation_msg_id: '1c6a2963-0eda-4d0a-96cd-8fd8aa328571'
}
Message content {"content":"SELECT * FROM DUAL;"}
Connection ID d25fec2f-ea62-443d-a042-17759790bb2b
Send message response {}
Invitation message {
  method: 'post',
  maxBodyLength: Infinity,
  url: 'http://localhost:8021/connections/create-invitation',
  headers: { 'Content-Type': 'application/json' },
  data: '{}'
}
Invitation response {
  connection_id: '5cd2c1fc-8a06-4be1-9411-9f3a3b58727f',
  invitation: {
    '@type': 'did:sov:BzCbsNYhMrjHiqZDTUASHg;spec/connections/1.0/invitation',
    '@id': '28d286cf-6f23-4e36-811c-459e1479d58a',
    serviceEndpoint: 'http://veritable-cloudagent-issuer:8000',
    label: 'issuer.agent',
    recipientKeys: [ '9LvPfkiSLmYivuXHbJzGuGHpu8nzW48xW7mmTvhsD7M1' ]
  },
  invitation_url: 'http://veritable-cloudagent-issuer:8000?c_i=eyJAdHlwZSI6ICJkaWQ6c292OkJ6Q2JzTlloTXJqSGlxWkRUVUFTSGc7c3BlYy9jb25uZWN0aW9ucy8xLjAvaW52aXRhdGlvbiIsICJAaWQiOiAiMjhkMjg2Y2YtNmYyMy00ZTM2LTgxMWMtNDU5ZTE0NzlkNThhIiwgInNlcnZpY2VFbmRwb2ludCI6ICJodHRwOi8vdmVyaXRhYmxlLWNsb3VkYWdlbnQtaXNzdWVyOjgwMDAiLCAibGFiZWwiOiAiaXNzdWVyLmFnZW50IiwgInJlY2lwaWVudEtleXMiOiBbIjlMdlBma2lTTG1ZaXZ1WEhiSnpHdUdIcHU4bnpXNDh4VzdtbVR2aHNEN00xIl19'
}
Invitation body {
  '@type': 'did:sov:BzCbsNYhMrjHiqZDTUASHg;spec/connections/1.0/invitation',
  '@id': '28d286cf-6f23-4e36-811c-459e1479d58a',
  serviceEndpoint: 'http://veritable-cloudagent-issuer:8000',
  label: 'issuer.agent',
  recipientKeys: [ '9LvPfkiSLmYivuXHbJzGuGHpu8nzW48xW7mmTvhsD7M1' ]
}
Accept invitation response {
  created_at: '2023-11-15T14:52:11.136474Z',
  their_role: 'inviter',
  their_label: 'issuer.agent',
  my_did: 'H7tt4av8ghv96xUKrR7ga8',
  updated_at: '2023-11-15T14:52:11.185406Z',
  state: 'request',
  invitation_key: '9LvPfkiSLmYivuXHbJzGuGHpu8nzW48xW7mmTvhsD7M1',
  routing_state: 'none',
  accept: 'auto',
  connection_protocol: 'connections/1.0',
  connection_id: '15262aae-ee31-495a-8776-ef0c18bf7fdb',
  rfc23_state: 'request-sent',
  invitation_mode: 'once',
  request_id: 'b5c756f9-4f97-4e95-939f-a8dfebfdfece',
  invitation_msg_id: '28d286cf-6f23-4e36-811c-459e1479d58a'
}
Message content {"content":"SELECT * FROM DUAL;"}
Connection ID 5cd2c1fc-8a06-4be1-9411-9f3a3b58727f
Send message response {}
Invitation message {
  method: 'post',
  maxBodyLength: Infinity,
  url: 'http://localhost:8021/connections/create-invitation',
  headers: { 'Content-Type': 'application/json' },
  data: '{}'
}
Invitation response {
  connection_id: '77af5462-8061-4343-a947-aca8eec9e1a4',
  invitation: {
    '@type': 'did:sov:BzCbsNYhMrjHiqZDTUASHg;spec/connections/1.0/invitation',
    '@id': 'bd2636ed-093b-4a67-97ac-989eb773b439',
    serviceEndpoint: 'http://veritable-cloudagent-issuer:8000',
    label: 'issuer.agent',
    recipientKeys: [ '2JsRZm1m6tv7hN3T4M4EYi19JQ5SKAKnuePj1YEq8i6t' ]
  },
  invitation_url: 'http://veritable-cloudagent-issuer:8000?c_i=eyJAdHlwZSI6ICJkaWQ6c292OkJ6Q2JzTlloTXJqSGlxWkRUVUFTSGc7c3BlYy9jb25uZWN0aW9ucy8xLjAvaW52aXRhdGlvbiIsICJAaWQiOiAiYmQyNjM2ZWQtMDkzYi00YTY3LTk3YWMtOTg5ZWI3NzNiNDM5IiwgInNlcnZpY2VFbmRwb2ludCI6ICJodHRwOi8vdmVyaXRhYmxlLWNsb3VkYWdlbnQtaXNzdWVyOjgwMDAiLCAibGFiZWwiOiAiaXNzdWVyLmFnZW50IiwgInJlY2lwaWVudEtleXMiOiBbIjJKc1JabTFtNnR2N2hOM1Q0TTRFWWkxOUpRNVNLQUtudWVQajFZRXE4aTZ0Il19'
}
Invitation body {
  '@type': 'did:sov:BzCbsNYhMrjHiqZDTUASHg;spec/connections/1.0/invitation',
  '@id': 'bd2636ed-093b-4a67-97ac-989eb773b439',
  serviceEndpoint: 'http://veritable-cloudagent-issuer:8000',
  label: 'issuer.agent',
  recipientKeys: [ '2JsRZm1m6tv7hN3T4M4EYi19JQ5SKAKnuePj1YEq8i6t' ]
}
Accept invitation response {
  created_at: '2023-11-15T14:55:50.075797Z',
  their_role: 'inviter',
  their_label: 'issuer.agent',
  my_did: '2mbNbFypWDBAZQRxPTRDBG',
  updated_at: '2023-11-15T14:55:50.212916Z',
  state: 'request',
  invitation_key: '2JsRZm1m6tv7hN3T4M4EYi19JQ5SKAKnuePj1YEq8i6t',
  routing_state: 'none',
  accept: 'auto',
  connection_protocol: 'connections/1.0',
  connection_id: '22ceb658-0d78-4fbe-bc9e-58e834bb4517',
  rfc23_state: 'request-sent',
  invitation_mode: 'once',
  request_id: '2711b322-584b-40af-8493-8ea08880b5b4',
  invitation_msg_id: 'bd2636ed-093b-4a67-97ac-989eb773b439'
}
Message content {"content":"SELECT * FROM DUAL;"}
Connection ID 77af5462-8061-4343-a947-aca8eec9e1a4
Send message response {}
Invitation message {
  method: 'post',
  maxBodyLength: Infinity,
  url: 'http://localhost:8021/connections/create-invitation',
  headers: { 'Content-Type': 'application/json' },
  data: '{}'
}
Invitation response {
  connection_id: 'a57ad22d-cf1e-4d53-b65a-2fb04f8812d0',
  invitation: {
    '@type': 'did:sov:BzCbsNYhMrjHiqZDTUASHg;spec/connections/1.0/invitation',
    '@id': '8ed23c20-f1ea-4f5d-b553-62552f91296d',
    serviceEndpoint: 'http://veritable-cloudagent-issuer:8000',
    label: 'issuer.agent',
    recipientKeys: [ '27WJ4dyYqyFTEuPCNkhU4qPpJ8xeBmDvj37tsbLAx7uz' ]
  },
  invitation_url: 'http://veritable-cloudagent-issuer:8000?c_i=eyJAdHlwZSI6ICJkaWQ6c292OkJ6Q2JzTlloTXJqSGlxWkRUVUFTSGc7c3BlYy9jb25uZWN0aW9ucy8xLjAvaW52aXRhdGlvbiIsICJAaWQiOiAiOGVkMjNjMjAtZjFlYS00ZjVkLWI1NTMtNjI1NTJmOTEyOTZkIiwgInNlcnZpY2VFbmRwb2ludCI6ICJodHRwOi8vdmVyaXRhYmxlLWNsb3VkYWdlbnQtaXNzdWVyOjgwMDAiLCAibGFiZWwiOiAiaXNzdWVyLmFnZW50IiwgInJlY2lwaWVudEtleXMiOiBbIjI3V0o0ZHlZcXlGVEV1UENOa2hVNHFQcEo4eGVCbUR2ajM3dHNiTEF4N3V6Il19'
}
Invitation body {
  '@type': 'did:sov:BzCbsNYhMrjHiqZDTUASHg;spec/connections/1.0/invitation',
  '@id': '8ed23c20-f1ea-4f5d-b553-62552f91296d',
  serviceEndpoint: 'http://veritable-cloudagent-issuer:8000',
  label: 'issuer.agent',
  recipientKeys: [ '27WJ4dyYqyFTEuPCNkhU4qPpJ8xeBmDvj37tsbLAx7uz' ]
}
Accept invitation response {
  created_at: '2023-11-15T14:57:43.631447Z',
  their_role: 'inviter',
  their_label: 'issuer.agent',
  my_did: '6m7Y7fusfvg8MTofH7PTFr',
  updated_at: '2023-11-15T14:57:43.735548Z',
  state: 'request',
  invitation_key: '27WJ4dyYqyFTEuPCNkhU4qPpJ8xeBmDvj37tsbLAx7uz',
  routing_state: 'none',
  accept: 'auto',
  connection_protocol: 'connections/1.0',
  connection_id: 'ae051483-c498-499e-a8f3-d1c51184b2ff',
  rfc23_state: 'request-sent',
  invitation_mode: 'once',
  request_id: '488c5ad9-28c4-4bb4-93d7-b23b1f463dc7',
  invitation_msg_id: '8ed23c20-f1ea-4f5d-b553-62552f91296d'
}
Message content {"content":"SELECT * FROM DUAL;"}
Connection ID a57ad22d-cf1e-4d53-b65a-2fb04f8812d0
Send message response {}
Invitation message {
  method: 'post',
  maxBodyLength: Infinity,
  url: 'http://localhost:8021/connections/create-invitation',
  headers: { 'Content-Type': 'application/json' },
  data: '{}'
}
Invitation response {
  connection_id: 'cf5fd3d5-8f45-4e05-9fa9-3609cf9e2ea7',
  invitation: {
    '@type': 'did:sov:BzCbsNYhMrjHiqZDTUASHg;spec/connections/1.0/invitation',
    '@id': '561870e7-c626-411b-a56b-ca27db1fe4d0',
    serviceEndpoint: 'http://veritable-cloudagent-issuer:8000',
    label: 'issuer.agent',
    recipientKeys: [ 'HNLNtZvGCBbkFz6sQoTuC5GGV1Q3oPajn1BE21V7vKh8' ]
  },
  invitation_url: 'http://veritable-cloudagent-issuer:8000?c_i=eyJAdHlwZSI6ICJkaWQ6c292OkJ6Q2JzTlloTXJqSGlxWkRUVUFTSGc7c3BlYy9jb25uZWN0aW9ucy8xLjAvaW52aXRhdGlvbiIsICJAaWQiOiAiNTYxODcwZTctYzYyNi00MTFiLWE1NmItY2EyN2RiMWZlNGQwIiwgInNlcnZpY2VFbmRwb2ludCI6ICJodHRwOi8vdmVyaXRhYmxlLWNsb3VkYWdlbnQtaXNzdWVyOjgwMDAiLCAibGFiZWwiOiAiaXNzdWVyLmFnZW50IiwgInJlY2lwaWVudEtleXMiOiBbIkhOTE50WnZHQ0Jia0Z6NnNRb1R1QzVHR1YxUTNvUGFqbjFCRTIxVjd2S2g4Il19'
}
Invitation body {
  '@type': 'did:sov:BzCbsNYhMrjHiqZDTUASHg;spec/connections/1.0/invitation',
  '@id': '561870e7-c626-411b-a56b-ca27db1fe4d0',
  serviceEndpoint: 'http://veritable-cloudagent-issuer:8000',
  label: 'issuer.agent',
  recipientKeys: [ 'HNLNtZvGCBbkFz6sQoTuC5GGV1Q3oPajn1BE21V7vKh8' ]
}
Accept invitation response {
  created_at: '2023-11-15T15:03:13.776323Z',
  their_role: 'inviter',
  their_label: 'issuer.agent',
  my_did: 'DCAjC6cHYwcVDMZCMF7xhh',
  updated_at: '2023-11-15T15:03:13.953523Z',
  state: 'request',
  invitation_key: 'HNLNtZvGCBbkFz6sQoTuC5GGV1Q3oPajn1BE21V7vKh8',
  routing_state: 'none',
  accept: 'auto',
  connection_protocol: 'connections/1.0',
  connection_id: 'e6702938-5d97-4d0a-bed3-77b37b94ccab',
  rfc23_state: 'request-sent',
  invitation_mode: 'once',
  request_id: '1abaf5e0-ef95-4f02-ad58-cdee0068c89e',
  invitation_msg_id: '561870e7-c626-411b-a56b-ca27db1fe4d0'
}
Message content {"content":"SELECT * FROM DUAL;"}
Connection ID cf5fd3d5-8f45-4e05-9fa9-3609cf9e2ea7
Send message response {}
Invitation message {
  method: 'post',
  maxBodyLength: Infinity,
  url: 'http://localhost:8021/connections/create-invitation',
  headers: { 'Content-Type': 'application/json' },
  data: '{}'
}
Invitation response {
  connection_id: 'd0286f85-6907-41a6-ab9d-b3683a309c7a',
  invitation: {
    '@type': 'did:sov:BzCbsNYhMrjHiqZDTUASHg;spec/connections/1.0/invitation',
    '@id': '47418dc1-778c-4118-85b9-9430c6386f77',
    serviceEndpoint: 'http://veritable-cloudagent-issuer:8000',
    label: 'issuer.agent',
    recipientKeys: [ '5zBPaNMg7ppokNAJwLKEJoGiLzvNgvo25DXGJoWioTPX' ]
  },
  invitation_url: 'http://veritable-cloudagent-issuer:8000?c_i=eyJAdHlwZSI6ICJkaWQ6c292OkJ6Q2JzTlloTXJqSGlxWkRUVUFTSGc7c3BlYy9jb25uZWN0aW9ucy8xLjAvaW52aXRhdGlvbiIsICJAaWQiOiAiNDc0MThkYzEtNzc4Yy00MTE4LTg1YjktOTQzMGM2Mzg2Zjc3IiwgInNlcnZpY2VFbmRwb2ludCI6ICJodHRwOi8vdmVyaXRhYmxlLWNsb3VkYWdlbnQtaXNzdWVyOjgwMDAiLCAibGFiZWwiOiAiaXNzdWVyLmFnZW50IiwgInJlY2lwaWVudEtleXMiOiBbIjV6QlBhTk1nN3Bwb2tOQUp3TEtFSm9HaUx6dk5ndm8yNURYR0pvV2lvVFBYIl19'
}
Invitation body {
  '@type': 'did:sov:BzCbsNYhMrjHiqZDTUASHg;spec/connections/1.0/invitation',
  '@id': '47418dc1-778c-4118-85b9-9430c6386f77',
  serviceEndpoint: 'http://veritable-cloudagent-issuer:8000',
  label: 'issuer.agent',
  recipientKeys: [ '5zBPaNMg7ppokNAJwLKEJoGiLzvNgvo25DXGJoWioTPX' ]
}
Accept invitation response {
  created_at: '2023-11-15T15:04:56.882213Z',
  their_role: 'inviter',
  their_label: 'issuer.agent',
  my_did: '9zf46RwaubRSrKLaiLgZN6',
  updated_at: '2023-11-15T15:04:57.074549Z',
  state: 'request',
  invitation_key: '5zBPaNMg7ppokNAJwLKEJoGiLzvNgvo25DXGJoWioTPX',
  routing_state: 'none',
  accept: 'auto',
  connection_protocol: 'connections/1.0',
  connection_id: '7ad705db-2daf-494b-9840-4ca2c4a8cb56',
  rfc23_state: 'request-sent',
  invitation_mode: 'once',
  request_id: '8ee5ff6e-9c5d-4989-96da-e4c3c39ea01e',
  invitation_msg_id: '47418dc1-778c-4118-85b9-9430c6386f77'
}
Message content {"content":"SELECT * FROM DUAL;"}
Connection ID d0286f85-6907-41a6-ab9d-b3683a309c7a
Send message response {}
Invitation message {
  method: 'post',
  maxBodyLength: Infinity,
  url: 'http://localhost:8021/connections/create-invitation',
  headers: { 'Content-Type': 'application/json' },
  data: '{}'
}
Invitation response {
  connection_id: '7b4bb4fa-4ab0-40d8-80ea-d131874701f9',
  invitation: {
    '@type': 'did:sov:BzCbsNYhMrjHiqZDTUASHg;spec/connections/1.0/invitation',
    '@id': 'a90f20ea-2389-47a1-8c12-94b9f871aaf6',
    serviceEndpoint: 'http://veritable-cloudagent-issuer:8000',
    label: 'issuer.agent',
    recipientKeys: [ '7EUPW6j4VPmUhiT93XQM6G3DyxXxDwZThYyEDLV5TSWZ' ]
  },
  invitation_url: 'http://veritable-cloudagent-issuer:8000?c_i=eyJAdHlwZSI6ICJkaWQ6c292OkJ6Q2JzTlloTXJqSGlxWkRUVUFTSGc7c3BlYy9jb25uZWN0aW9ucy8xLjAvaW52aXRhdGlvbiIsICJAaWQiOiAiYTkwZjIwZWEtMjM4OS00N2ExLThjMTItOTRiOWY4NzFhYWY2IiwgInNlcnZpY2VFbmRwb2ludCI6ICJodHRwOi8vdmVyaXRhYmxlLWNsb3VkYWdlbnQtaXNzdWVyOjgwMDAiLCAibGFiZWwiOiAiaXNzdWVyLmFnZW50IiwgInJlY2lwaWVudEtleXMiOiBbIjdFVVBXNmo0VlBtVWhpVDkzWFFNNkczRHl4WHhEd1pUaFl5RURMVjVUU1daIl19'
}
Invitation body {
  '@type': 'did:sov:BzCbsNYhMrjHiqZDTUASHg;spec/connections/1.0/invitation',
  '@id': 'a90f20ea-2389-47a1-8c12-94b9f871aaf6',
  serviceEndpoint: 'http://veritable-cloudagent-issuer:8000',
  label: 'issuer.agent',
  recipientKeys: [ '7EUPW6j4VPmUhiT93XQM6G3DyxXxDwZThYyEDLV5TSWZ' ]
}
Accept invitation response {
  created_at: '2023-11-15T15:06:55.665337Z',
  their_role: 'inviter',
  their_label: 'issuer.agent',
  my_did: 'Ej3gGmJbrSjwcFcoAoZwhc',
  updated_at: '2023-11-15T15:06:55.812843Z',
  state: 'request',
  invitation_key: '7EUPW6j4VPmUhiT93XQM6G3DyxXxDwZThYyEDLV5TSWZ',
  routing_state: 'none',
  accept: 'auto',
  connection_protocol: 'connections/1.0',
  connection_id: 'ede18a38-bdbd-4c23-8908-83218e88ae37',
  rfc23_state: 'request-sent',
  invitation_mode: 'once',
  request_id: 'a49c160f-28f4-49b1-a2da-4c160b722931',
  invitation_msg_id: 'a90f20ea-2389-47a1-8c12-94b9f871aaf6'
}
Message content {"content":"SELECT * FROM DUAL;"}
Connection ID 7b4bb4fa-4ab0-40d8-80ea-d131874701f9
Send message response {}
Invitation message {
  method: 'post',
  maxBodyLength: Infinity,
  url: 'http://localhost:8021/connections/create-invitation',
  headers: { 'Content-Type': 'application/json' },
  data: '{}'
}
Invitation response {
  connection_id: 'efed4121-f0d2-4b7b-abd7-209799d81629',
  invitation: {
    '@type': 'did:sov:BzCbsNYhMrjHiqZDTUASHg;spec/connections/1.0/invitation',
    '@id': '3aa215a1-5b0a-4cae-968a-f99241d83931',
    serviceEndpoint: 'http://veritable-cloudagent-issuer:8000',
    label: 'issuer.agent',
    recipientKeys: [ 'HooNMoepsbRF16a3pJywFmaUmnj37CEissHLGZBB4yCS' ]
  },
  invitation_url: 'http://veritable-cloudagent-issuer:8000?c_i=eyJAdHlwZSI6ICJkaWQ6c292OkJ6Q2JzTlloTXJqSGlxWkRUVUFTSGc7c3BlYy9jb25uZWN0aW9ucy8xLjAvaW52aXRhdGlvbiIsICJAaWQiOiAiM2FhMjE1YTEtNWIwYS00Y2FlLTk2OGEtZjk5MjQxZDgzOTMxIiwgInNlcnZpY2VFbmRwb2ludCI6ICJodHRwOi8vdmVyaXRhYmxlLWNsb3VkYWdlbnQtaXNzdWVyOjgwMDAiLCAibGFiZWwiOiAiaXNzdWVyLmFnZW50IiwgInJlY2lwaWVudEtleXMiOiBbIkhvb05Nb2Vwc2JSRjE2YTNwSnl3Rm1hVW1uajM3Q0Vpc3NITEdaQkI0eUNTIl19'
}
Invitation body {
  '@type': 'did:sov:BzCbsNYhMrjHiqZDTUASHg;spec/connections/1.0/invitation',
  '@id': '3aa215a1-5b0a-4cae-968a-f99241d83931',
  serviceEndpoint: 'http://veritable-cloudagent-issuer:8000',
  label: 'issuer.agent',
  recipientKeys: [ 'HooNMoepsbRF16a3pJywFmaUmnj37CEissHLGZBB4yCS' ]
}
Accept invitation response {
  created_at: '2023-11-15T15:07:24.643921Z',
  their_role: 'inviter',
  their_label: 'issuer.agent',
  my_did: '71djHizHtwT4D6PvTDjMok',
  updated_at: '2023-11-15T15:07:24.752086Z',
  state: 'request',
  invitation_key: 'HooNMoepsbRF16a3pJywFmaUmnj37CEissHLGZBB4yCS',
  routing_state: 'none',
  accept: 'auto',
  connection_protocol: 'connections/1.0',
  connection_id: '6465525a-1cd5-40ba-98b0-bd144fa7c312',
  rfc23_state: 'request-sent',
  invitation_mode: 'once',
  request_id: '11dae6a0-50bf-42a4-b62e-f29a0558106f',
  invitation_msg_id: '3aa215a1-5b0a-4cae-968a-f99241d83931'
}
Message content {"content":"SELECT * FROM DUAL;"}
Connection ID efed4121-f0d2-4b7b-abd7-209799d81629
Send message response {}
Invitation message {
  method: 'post',
  maxBodyLength: Infinity,
  url: 'http://localhost:8021/connections/create-invitation',
  headers: { 'Content-Type': 'application/json' },
  data: '{}'
}
Invitation response {
  connection_id: 'ee8efeab-6e55-45e1-bef6-edd20ab7eb80',
  invitation: {
    '@type': 'did:sov:BzCbsNYhMrjHiqZDTUASHg;spec/connections/1.0/invitation',
    '@id': 'e011db69-709a-4321-8314-78abc03d012c',
    serviceEndpoint: 'http://veritable-cloudagent-issuer:8000',
    label: 'issuer.agent',
    recipientKeys: [ '9B1v3QDJkbjni3GtZmhfxsvueTPEHxZ9BFTj38H7GjmR' ]
  },
  invitation_url: 'http://veritable-cloudagent-issuer:8000?c_i=eyJAdHlwZSI6ICJkaWQ6c292OkJ6Q2JzTlloTXJqSGlxWkRUVUFTSGc7c3BlYy9jb25uZWN0aW9ucy8xLjAvaW52aXRhdGlvbiIsICJAaWQiOiAiZTAxMWRiNjktNzA5YS00MzIxLTgzMTQtNzhhYmMwM2QwMTJjIiwgInNlcnZpY2VFbmRwb2ludCI6ICJodHRwOi8vdmVyaXRhYmxlLWNsb3VkYWdlbnQtaXNzdWVyOjgwMDAiLCAibGFiZWwiOiAiaXNzdWVyLmFnZW50IiwgInJlY2lwaWVudEtleXMiOiBbIjlCMXYzUURKa2JqbmkzR3RabWhmeHN2dWVUUEVIeFo5QkZUajM4SDdHam1SIl19'
}
Invitation body {
  '@type': 'did:sov:BzCbsNYhMrjHiqZDTUASHg;spec/connections/1.0/invitation',
  '@id': 'e011db69-709a-4321-8314-78abc03d012c',
  serviceEndpoint: 'http://veritable-cloudagent-issuer:8000',
  label: 'issuer.agent',
  recipientKeys: [ '9B1v3QDJkbjni3GtZmhfxsvueTPEHxZ9BFTj38H7GjmR' ]
}
Accept invitation response {
  created_at: '2023-11-15T15:09:17.014516Z',
  their_role: 'inviter',
  their_label: 'issuer.agent',
  my_did: 'ESKnr6nw1P5owgT8Y9vP2K',
  updated_at: '2023-11-15T15:09:17.277674Z',
  state: 'request',
  invitation_key: '9B1v3QDJkbjni3GtZmhfxsvueTPEHxZ9BFTj38H7GjmR',
  routing_state: 'none',
  accept: 'auto',
  connection_protocol: 'connections/1.0',
  connection_id: '2a74cd68-9dbb-438a-9998-56d5d289b8c4',
  rfc23_state: 'request-sent',
  invitation_mode: 'once',
  request_id: '7af3af2e-a3fe-40b1-ad06-56b335dc3bb2',
  invitation_msg_id: 'e011db69-709a-4321-8314-78abc03d012c'
}
Message content {"content":"SELECT * FROM DUAL;"}
Connection ID ee8efeab-6e55-45e1-bef6-edd20ab7eb80
Send message response {}
Invitation message {
  method: 'post',
  maxBodyLength: Infinity,
  url: 'http://localhost:8021/connections/create-invitation',
  headers: { 'Content-Type': 'application/json' },
  data: '{}'
}
Invitation response {
  connection_id: 'a32e66f1-e1e4-482b-85e1-17707c689b33',
  invitation: {
    '@type': 'did:sov:BzCbsNYhMrjHiqZDTUASHg;spec/connections/1.0/invitation',
    '@id': 'ded9507a-0d16-4f4a-bee2-2778653b997d',
    serviceEndpoint: 'http://veritable-cloudagent-issuer:8000',
    label: 'issuer.agent',
    recipientKeys: [ 'FbSfgAWjfrySAEWZDaqm7GVgmtUqZqfz1dkKHAgBZXR6' ]
  },
  invitation_url: 'http://veritable-cloudagent-issuer:8000?c_i=eyJAdHlwZSI6ICJkaWQ6c292OkJ6Q2JzTlloTXJqSGlxWkRUVUFTSGc7c3BlYy9jb25uZWN0aW9ucy8xLjAvaW52aXRhdGlvbiIsICJAaWQiOiAiZGVkOTUwN2EtMGQxNi00ZjRhLWJlZTItMjc3ODY1M2I5OTdkIiwgInNlcnZpY2VFbmRwb2ludCI6ICJodHRwOi8vdmVyaXRhYmxlLWNsb3VkYWdlbnQtaXNzdWVyOjgwMDAiLCAibGFiZWwiOiAiaXNzdWVyLmFnZW50IiwgInJlY2lwaWVudEtleXMiOiBbIkZiU2ZnQVdqZnJ5U0FFV1pEYXFtN0dWZ210VXFacWZ6MWRrS0hBZ0JaWFI2Il19'
}
Invitation body {
  '@type': 'did:sov:BzCbsNYhMrjHiqZDTUASHg;spec/connections/1.0/invitation',
  '@id': 'ded9507a-0d16-4f4a-bee2-2778653b997d',
  serviceEndpoint: 'http://veritable-cloudagent-issuer:8000',
  label: 'issuer.agent',
  recipientKeys: [ 'FbSfgAWjfrySAEWZDaqm7GVgmtUqZqfz1dkKHAgBZXR6' ]
}
Accept invitation response {
  created_at: '2023-11-15T15:10:12.432037Z',
  their_role: 'inviter',
  their_label: 'issuer.agent',
  my_did: 'A3Z5G6VLKSG6cdYDwZ7Zem',
  updated_at: '2023-11-15T15:10:12.602257Z',
  state: 'request',
  invitation_key: 'FbSfgAWjfrySAEWZDaqm7GVgmtUqZqfz1dkKHAgBZXR6',
  routing_state: 'none',
  accept: 'auto',
  connection_protocol: 'connections/1.0',
  connection_id: 'ebca093f-3f6b-45eb-804a-b780d86e3dfd',
  rfc23_state: 'request-sent',
  invitation_mode: 'once',
  request_id: 'da83dbed-47ff-40be-aa58-7a4a800745ac',
  invitation_msg_id: 'ded9507a-0d16-4f4a-bee2-2778653b997d'
}
Message content {"content":"SELECT * FROM DUAL;"}
Connection ID a32e66f1-e1e4-482b-85e1-17707c689b33
Send message response {}
Invitation message {
  method: 'post',
  maxBodyLength: Infinity,
  url: 'http://localhost:8021/connections/create-invitation',
  headers: { 'Content-Type': 'application/json' },
  data: '{}'
}
Invitation response {
  connection_id: '18d1aecf-177c-45ff-9650-1e26e27fa68a',
  invitation: {
    '@type': 'did:sov:BzCbsNYhMrjHiqZDTUASHg;spec/connections/1.0/invitation',
    '@id': '31fe8b16-2c91-45e4-8ea7-88580f8d502a',
    serviceEndpoint: 'http://veritable-cloudagent-issuer:8000',
    label: 'issuer.agent',
    recipientKeys: [ '6LrVfbfrAqM34xcbEWQH6JkvkvjAKzEqzTUT2qSaJYJC' ]
  },
  invitation_url: 'http://veritable-cloudagent-issuer:8000?c_i=eyJAdHlwZSI6ICJkaWQ6c292OkJ6Q2JzTlloTXJqSGlxWkRUVUFTSGc7c3BlYy9jb25uZWN0aW9ucy8xLjAvaW52aXRhdGlvbiIsICJAaWQiOiAiMzFmZThiMTYtMmM5MS00NWU0LThlYTctODg1ODBmOGQ1MDJhIiwgInNlcnZpY2VFbmRwb2ludCI6ICJodHRwOi8vdmVyaXRhYmxlLWNsb3VkYWdlbnQtaXNzdWVyOjgwMDAiLCAibGFiZWwiOiAiaXNzdWVyLmFnZW50IiwgInJlY2lwaWVudEtleXMiOiBbIjZMclZmYmZyQXFNMzR4Y2JFV1FINkprdmt2akFLekVxelRVVDJxU2FKWUpDIl19'
}
Invitation body {
  '@type': 'did:sov:BzCbsNYhMrjHiqZDTUASHg;spec/connections/1.0/invitation',
  '@id': '31fe8b16-2c91-45e4-8ea7-88580f8d502a',
  serviceEndpoint: 'http://veritable-cloudagent-issuer:8000',
  label: 'issuer.agent',
  recipientKeys: [ '6LrVfbfrAqM34xcbEWQH6JkvkvjAKzEqzTUT2qSaJYJC' ]
}
Accept invitation response {
  created_at: '2023-11-15T15:27:48.928681Z',
  their_role: 'inviter',
  their_label: 'issuer.agent',
  my_did: 'M78xzE7PjGEjBkAsYBTgHC',
  updated_at: '2023-11-15T15:27:49.019861Z',
  state: 'request',
  invitation_key: '6LrVfbfrAqM34xcbEWQH6JkvkvjAKzEqzTUT2qSaJYJC',
  routing_state: 'none',
  accept: 'auto',
  connection_protocol: 'connections/1.0',
  connection_id: 'cc4e5322-fe81-45ab-b797-0043825580a2',
  rfc23_state: 'request-sent',
  invitation_mode: 'once',
  request_id: 'ec1e1680-300b-4533-b9b5-189d34404821',
  invitation_msg_id: '31fe8b16-2c91-45e4-8ea7-88580f8d502a'
}
Message content {"content":"SELECT * FROM DUAL;"}
Connection ID 18d1aecf-177c-45ff-9650-1e26e27fa68a
Send message response {}
Invitation message {
  method: 'post',
  maxBodyLength: Infinity,
  url: 'http://localhost:8021/connections/create-invitation',
  headers: { 'Content-Type': 'application/json' },
  data: '{}'
}
Invitation response {
  connection_id: 'dc078451-2c0b-4305-aac4-07e434f9f3ca',
  invitation: {
    '@type': 'did:sov:BzCbsNYhMrjHiqZDTUASHg;spec/connections/1.0/invitation',
    '@id': '6bbcbeac-d5bd-4bda-bb23-0b1a4bc07cbe',
    serviceEndpoint: 'http://veritable-cloudagent-issuer:8000',
    label: 'issuer.agent',
    recipientKeys: [ '5tZ3uhXe3668WAsLmjoYbRWbVSgx5tXB76FdMSjGUUEJ' ]
  },
  invitation_url: 'http://veritable-cloudagent-issuer:8000?c_i=eyJAdHlwZSI6ICJkaWQ6c292OkJ6Q2JzTlloTXJqSGlxWkRUVUFTSGc7c3BlYy9jb25uZWN0aW9ucy8xLjAvaW52aXRhdGlvbiIsICJAaWQiOiAiNmJiY2JlYWMtZDViZC00YmRhLWJiMjMtMGIxYTRiYzA3Y2JlIiwgInNlcnZpY2VFbmRwb2ludCI6ICJodHRwOi8vdmVyaXRhYmxlLWNsb3VkYWdlbnQtaXNzdWVyOjgwMDAiLCAibGFiZWwiOiAiaXNzdWVyLmFnZW50IiwgInJlY2lwaWVudEtleXMiOiBbIjV0WjN1aFhlMzY2OFdBc0xtam9ZYlJXYlZTZ3g1dFhCNzZGZE1TakdVVUVKIl19'
}
Invitation body {
  '@type': 'did:sov:BzCbsNYhMrjHiqZDTUASHg;spec/connections/1.0/invitation',
  '@id': '6bbcbeac-d5bd-4bda-bb23-0b1a4bc07cbe',
  serviceEndpoint: 'http://veritable-cloudagent-issuer:8000',
  label: 'issuer.agent',
  recipientKeys: [ '5tZ3uhXe3668WAsLmjoYbRWbVSgx5tXB76FdMSjGUUEJ' ]
}
Accept invitation response {
  created_at: '2023-11-15T15:29:56.151906Z',
  their_role: 'inviter',
  their_label: 'issuer.agent',
  my_did: 'QubuvgWQRg8y47UvM2C713',
  updated_at: '2023-11-15T15:29:56.349530Z',
  state: 'request',
  invitation_key: '5tZ3uhXe3668WAsLmjoYbRWbVSgx5tXB76FdMSjGUUEJ',
  routing_state: 'none',
  accept: 'auto',
  connection_protocol: 'connections/1.0',
  connection_id: 'e433c6f9-7a3f-4841-8401-4ceb1e10e133',
  rfc23_state: 'request-sent',
  invitation_mode: 'once',
  request_id: 'a0395599-a522-4a9f-b1a3-6b5c1ef21ce3',
  invitation_msg_id: '6bbcbeac-d5bd-4bda-bb23-0b1a4bc07cbe'
}
Message content {"content":"SELECT * FROM DUAL;"}
Connection ID dc078451-2c0b-4305-aac4-07e434f9f3ca
Send message response {}
Invitation message {
  method: 'post',
  maxBodyLength: Infinity,
  url: 'http://localhost:8021/connections/create-invitation',
  headers: { 'Content-Type': 'application/json' },
  data: '{}'
}
Invitation response {
  connection_id: 'fe34e46f-e07f-44b7-a0e8-2d19293e8472',
  invitation: {
    '@type': 'did:sov:BzCbsNYhMrjHiqZDTUASHg;spec/connections/1.0/invitation',
    '@id': '6c07687b-2606-46d1-86c2-30de8fb30263',
    serviceEndpoint: 'http://veritable-cloudagent-issuer:8000',
    label: 'issuer.agent',
    recipientKeys: [ '2cpFweW2VT8FVk7zL8wzR2TzN1NWk8xscuH87iEyjRoY' ]
  },
  invitation_url: 'http://veritable-cloudagent-issuer:8000?c_i=eyJAdHlwZSI6ICJkaWQ6c292OkJ6Q2JzTlloTXJqSGlxWkRUVUFTSGc7c3BlYy9jb25uZWN0aW9ucy8xLjAvaW52aXRhdGlvbiIsICJAaWQiOiAiNmMwNzY4N2ItMjYwNi00NmQxLTg2YzItMzBkZThmYjMwMjYzIiwgInNlcnZpY2VFbmRwb2ludCI6ICJodHRwOi8vdmVyaXRhYmxlLWNsb3VkYWdlbnQtaXNzdWVyOjgwMDAiLCAibGFiZWwiOiAiaXNzdWVyLmFnZW50IiwgInJlY2lwaWVudEtleXMiOiBbIjJjcEZ3ZVcyVlQ4RlZrN3pMOHd6UjJUek4xTldrOHhzY3VIODdpRXlqUm9ZIl19'
}
Invitation body {
  '@type': 'did:sov:BzCbsNYhMrjHiqZDTUASHg;spec/connections/1.0/invitation',
  '@id': '6c07687b-2606-46d1-86c2-30de8fb30263',
  serviceEndpoint: 'http://veritable-cloudagent-issuer:8000',
  label: 'issuer.agent',
  recipientKeys: [ '2cpFweW2VT8FVk7zL8wzR2TzN1NWk8xscuH87iEyjRoY' ]
}
Accept invitation response {
  created_at: '2023-11-15T15:31:15.278258Z',
  their_role: 'inviter',
  their_label: 'issuer.agent',
  my_did: 'L75UtYdENSQCMRwsa6S7my',
  updated_at: '2023-11-15T15:31:15.431485Z',
  state: 'request',
  invitation_key: '2cpFweW2VT8FVk7zL8wzR2TzN1NWk8xscuH87iEyjRoY',
  routing_state: 'none',
  accept: 'auto',
  connection_protocol: 'connections/1.0',
  connection_id: 'db6d53bc-c6cc-43ea-bec2-2fb2df145786',
  rfc23_state: 'request-sent',
  invitation_mode: 'once',
  request_id: 'ddd839ad-cf6e-4ee1-b309-92c171e20843',
  invitation_msg_id: '6c07687b-2606-46d1-86c2-30de8fb30263'
}
Message content {"content":"SELECT * FROM DUAL;"}
Connection ID fe34e46f-e07f-44b7-a0e8-2d19293e8472
Send message response {}
Invitation message {
  method: 'post',
  maxBodyLength: Infinity,
  url: 'http://localhost:8021/connections/create-invitation',
  headers: { 'Content-Type': 'application/json' },
  data: '{}'
}
Invitation response {
  connection_id: '34ff373d-3aff-417f-83b2-49f0d49f849b',
  invitation: {
    '@type': 'did:sov:BzCbsNYhMrjHiqZDTUASHg;spec/connections/1.0/invitation',
    '@id': '4b4b29cd-ffea-4b30-8013-b2cf20694a38',
    serviceEndpoint: 'http://veritable-cloudagent-issuer:8000',
    label: 'issuer.agent',
    recipientKeys: [ '95SrBeARKC6GQLTi1FpUivD4mab6rjbeZKdZaNYNtTNx' ]
  },
  invitation_url: 'http://veritable-cloudagent-issuer:8000?c_i=eyJAdHlwZSI6ICJkaWQ6c292OkJ6Q2JzTlloTXJqSGlxWkRUVUFTSGc7c3BlYy9jb25uZWN0aW9ucy8xLjAvaW52aXRhdGlvbiIsICJAaWQiOiAiNGI0YjI5Y2QtZmZlYS00YjMwLTgwMTMtYjJjZjIwNjk0YTM4IiwgInNlcnZpY2VFbmRwb2ludCI6ICJodHRwOi8vdmVyaXRhYmxlLWNsb3VkYWdlbnQtaXNzdWVyOjgwMDAiLCAibGFiZWwiOiAiaXNzdWVyLmFnZW50IiwgInJlY2lwaWVudEtleXMiOiBbIjk1U3JCZUFSS0M2R1FMVGkxRnBVaXZENG1hYjZyamJlWktkWmFOWU50VE54Il19'
}
Invitation body {
  '@type': 'did:sov:BzCbsNYhMrjHiqZDTUASHg;spec/connections/1.0/invitation',
  '@id': '4b4b29cd-ffea-4b30-8013-b2cf20694a38',
  serviceEndpoint: 'http://veritable-cloudagent-issuer:8000',
  label: 'issuer.agent',
  recipientKeys: [ '95SrBeARKC6GQLTi1FpUivD4mab6rjbeZKdZaNYNtTNx' ]
}
Accept invitation response {
  created_at: '2023-11-15T15:36:55.372526Z',
  their_role: 'inviter',
  their_label: 'issuer.agent',
  my_did: 'Ha1JKxientjk4nN2Ga93CW',
  updated_at: '2023-11-15T15:36:55.572989Z',
  state: 'request',
  invitation_key: '95SrBeARKC6GQLTi1FpUivD4mab6rjbeZKdZaNYNtTNx',
  routing_state: 'none',
  accept: 'auto',
  connection_protocol: 'connections/1.0',
  connection_id: '3a3d2707-905d-4d49-92a3-68d885975be4',
  rfc23_state: 'request-sent',
  invitation_mode: 'once',
  request_id: '55ed5f68-d440-4c8b-b4cf-d7dbff2baa4c',
  invitation_msg_id: '4b4b29cd-ffea-4b30-8013-b2cf20694a38'
}
Message content {"content":"[object HTMLInputElement]"}
Connection ID 34ff373d-3aff-417f-83b2-49f0d49f849b
Send message response {}
Invitation message {
  method: 'post',
  maxBodyLength: Infinity,
  url: 'http://localhost:8021/connections/create-invitation',
  headers: { 'Content-Type': 'application/json' },
  data: '{}'
}
Invitation response {
  connection_id: '01d376f3-f36b-47cc-95fb-c2c82646f78b',
  invitation: {
    '@type': 'did:sov:BzCbsNYhMrjHiqZDTUASHg;spec/connections/1.0/invitation',
    '@id': '66117d28-b4ac-4eea-8773-1158af7a3498',
    serviceEndpoint: 'http://veritable-cloudagent-issuer:8000',
    label: 'issuer.agent',
    recipientKeys: [ '6SHxwsBAKRpGvit9PVcxsoVAsVJYYYAfhcv3dm6GvUU8' ]
  },
  invitation_url: 'http://veritable-cloudagent-issuer:8000?c_i=eyJAdHlwZSI6ICJkaWQ6c292OkJ6Q2JzTlloTXJqSGlxWkRUVUFTSGc7c3BlYy9jb25uZWN0aW9ucy8xLjAvaW52aXRhdGlvbiIsICJAaWQiOiAiNjYxMTdkMjgtYjRhYy00ZWVhLTg3NzMtMTE1OGFmN2EzNDk4IiwgInNlcnZpY2VFbmRwb2ludCI6ICJodHRwOi8vdmVyaXRhYmxlLWNsb3VkYWdlbnQtaXNzdWVyOjgwMDAiLCAibGFiZWwiOiAiaXNzdWVyLmFnZW50IiwgInJlY2lwaWVudEtleXMiOiBbIjZTSHh3c0JBS1JwR3ZpdDlQVmN4c29WQXNWSllZWUFmaGN2M2RtNkd2VVU4Il19'
}
Invitation body {
  '@type': 'did:sov:BzCbsNYhMrjHiqZDTUASHg;spec/connections/1.0/invitation',
  '@id': '66117d28-b4ac-4eea-8773-1158af7a3498',
  serviceEndpoint: 'http://veritable-cloudagent-issuer:8000',
  label: 'issuer.agent',
  recipientKeys: [ '6SHxwsBAKRpGvit9PVcxsoVAsVJYYYAfhcv3dm6GvUU8' ]
}
Accept invitation response {
  created_at: '2023-11-15T15:38:28.593123Z',
  their_role: 'inviter',
  their_label: 'issuer.agent',
  my_did: '53enGAnUSgeuvLQLJu42wR',
  updated_at: '2023-11-15T15:38:28.822337Z',
  state: 'request',
  invitation_key: '6SHxwsBAKRpGvit9PVcxsoVAsVJYYYAfhcv3dm6GvUU8',
  routing_state: 'none',
  accept: 'auto',
  connection_protocol: 'connections/1.0',
  connection_id: 'ca83eee0-9fcd-46cf-9475-3436aed8587d',
  rfc23_state: 'request-sent',
  invitation_mode: 'once',
  request_id: '773649a4-8fc7-479c-9c25-4c56ae0228ab',
  invitation_msg_id: '66117d28-b4ac-4eea-8773-1158af7a3498'
}
Message content {"content":"SELECT * FROM DUAL;"}
Connection ID 01d376f3-f36b-47cc-95fb-c2c82646f78b
Send message response {}
Invitation message {
  method: 'post',
  maxBodyLength: Infinity,
  url: 'http://localhost:8021/connections/create-invitation',
  headers: { 'Content-Type': 'application/json' },
  data: '{}'
}
Invitation response {
  connection_id: '8d2bce8b-b029-45f9-958f-2db7d365abf0',
  invitation: {
    '@type': 'did:sov:BzCbsNYhMrjHiqZDTUASHg;spec/connections/1.0/invitation',
    '@id': '3907bd91-d7d6-4635-b907-465beec13aed',
    serviceEndpoint: 'http://veritable-cloudagent-issuer:8000',
    label: 'issuer.agent',
    recipientKeys: [ '8W3be9iocJzpSUxYGf3vjnUQhRXTxHRStAVVBopdJWx8' ]
  },
  invitation_url: 'http://veritable-cloudagent-issuer:8000?c_i=eyJAdHlwZSI6ICJkaWQ6c292OkJ6Q2JzTlloTXJqSGlxWkRUVUFTSGc7c3BlYy9jb25uZWN0aW9ucy8xLjAvaW52aXRhdGlvbiIsICJAaWQiOiAiMzkwN2JkOTEtZDdkNi00NjM1LWI5MDctNDY1YmVlYzEzYWVkIiwgInNlcnZpY2VFbmRwb2ludCI6ICJodHRwOi8vdmVyaXRhYmxlLWNsb3VkYWdlbnQtaXNzdWVyOjgwMDAiLCAibGFiZWwiOiAiaXNzdWVyLmFnZW50IiwgInJlY2lwaWVudEtleXMiOiBbIjhXM2JlOWlvY0p6cFNVeFlHZjN2am5VUWhSWFR4SFJTdEFWVkJvcGRKV3g4Il19'
}
Invitation body {
  '@type': 'did:sov:BzCbsNYhMrjHiqZDTUASHg;spec/connections/1.0/invitation',
  '@id': '3907bd91-d7d6-4635-b907-465beec13aed',
  serviceEndpoint: 'http://veritable-cloudagent-issuer:8000',
  label: 'issuer.agent',
  recipientKeys: [ '8W3be9iocJzpSUxYGf3vjnUQhRXTxHRStAVVBopdJWx8' ]
}
Accept invitation response {
  created_at: '2023-11-15T15:40:35.381580Z',
  their_role: 'inviter',
  their_label: 'issuer.agent',
  my_did: 'GHAnFwGETnjFuzAiamcajv',
  updated_at: '2023-11-15T15:40:35.606082Z',
  state: 'request',
  invitation_key: '8W3be9iocJzpSUxYGf3vjnUQhRXTxHRStAVVBopdJWx8',
  routing_state: 'none',
  accept: 'auto',
  connection_protocol: 'connections/1.0',
  connection_id: 'fa4fe8b6-d30f-48a5-9faf-2ee7486d1f54',
  rfc23_state: 'request-sent',
  invitation_mode: 'once',
  request_id: 'f476ee1d-e7d2-4372-a0fb-e5592d7a238e',
  invitation_msg_id: '3907bd91-d7d6-4635-b907-465beec13aed'
}
Message content {"content":"SELECT * FROM DUAL;"}
Connection ID 8d2bce8b-b029-45f9-958f-2db7d365abf0
Send message response {}
Invitation message {
  method: 'post',
  maxBodyLength: Infinity,
  url: 'http://localhost:8021/connections/create-invitation',
  headers: { 'Content-Type': 'application/json' },
  data: '{}'
}
Invitation response {
  connection_id: '52958ec9-7b96-46c7-85af-41ae204bc789',
  invitation: {
    '@type': 'did:sov:BzCbsNYhMrjHiqZDTUASHg;spec/connections/1.0/invitation',
    '@id': '253796dc-30ed-4ffd-a161-8fe6a5d567dd',
    serviceEndpoint: 'http://veritable-cloudagent-issuer:8000',
    label: 'issuer.agent',
    recipientKeys: [ '5XFHtJ5q27UiJagsj9f2rjTV8rsuBhpxu7opiaz3g5mH' ]
  },
  invitation_url: 'http://veritable-cloudagent-issuer:8000?c_i=eyJAdHlwZSI6ICJkaWQ6c292OkJ6Q2JzTlloTXJqSGlxWkRUVUFTSGc7c3BlYy9jb25uZWN0aW9ucy8xLjAvaW52aXRhdGlvbiIsICJAaWQiOiAiMjUzNzk2ZGMtMzBlZC00ZmZkLWExNjEtOGZlNmE1ZDU2N2RkIiwgInNlcnZpY2VFbmRwb2ludCI6ICJodHRwOi8vdmVyaXRhYmxlLWNsb3VkYWdlbnQtaXNzdWVyOjgwMDAiLCAibGFiZWwiOiAiaXNzdWVyLmFnZW50IiwgInJlY2lwaWVudEtleXMiOiBbIjVYRkh0SjVxMjdVaUphZ3NqOWYycmpUVjhyc3VCaHB4dTdvcGlhejNnNW1IIl19'
}
Invitation body {
  '@type': 'did:sov:BzCbsNYhMrjHiqZDTUASHg;spec/connections/1.0/invitation',
  '@id': '253796dc-30ed-4ffd-a161-8fe6a5d567dd',
  serviceEndpoint: 'http://veritable-cloudagent-issuer:8000',
  label: 'issuer.agent',
  recipientKeys: [ '5XFHtJ5q27UiJagsj9f2rjTV8rsuBhpxu7opiaz3g5mH' ]
}
Accept invitation response {
  created_at: '2023-11-15T15:45:02.748350Z',
  their_role: 'inviter',
  their_label: 'issuer.agent',
  my_did: '2vSGiBy4ywXeFqnXSxhWL5',
  updated_at: '2023-11-15T15:45:02.873072Z',
  state: 'request',
  invitation_key: '5XFHtJ5q27UiJagsj9f2rjTV8rsuBhpxu7opiaz3g5mH',
  routing_state: 'none',
  accept: 'auto',
  connection_protocol: 'connections/1.0',
  connection_id: '87e7c491-93ae-41dd-9c56-2db75147821c',
  rfc23_state: 'request-sent',
  invitation_mode: 'once',
  request_id: '5973a03f-32de-4155-99bd-628950929495',
  invitation_msg_id: '253796dc-30ed-4ffd-a161-8fe6a5d567dd'
}
Message content {"content":"SELECT * FROM DUAL;"}
Connection ID 52958ec9-7b96-46c7-85af-41ae204bc789
Send message response {}
Invitation message {
  method: 'post',
  maxBodyLength: Infinity,
  url: 'http://localhost:8021/connections/create-invitation',
  headers: { 'Content-Type': 'application/json' },
  data: '{}'
}
Invitation response {
  connection_id: 'e0b445f7-8e9b-4ffe-9468-3610669e7a83',
  invitation: {
    '@type': 'did:sov:BzCbsNYhMrjHiqZDTUASHg;spec/connections/1.0/invitation',
    '@id': 'f065631b-1642-44fe-bfe4-c6f6f3e92964',
    serviceEndpoint: 'http://veritable-cloudagent-issuer:8000',
    label: 'issuer.agent',
    recipientKeys: [ 'DSUg5x8HTeVBgnbWZ4dd7F7Xd3R3fqE5R3hx8wwSFkDY' ]
  },
  invitation_url: 'http://veritable-cloudagent-issuer:8000?c_i=eyJAdHlwZSI6ICJkaWQ6c292OkJ6Q2JzTlloTXJqSGlxWkRUVUFTSGc7c3BlYy9jb25uZWN0aW9ucy8xLjAvaW52aXRhdGlvbiIsICJAaWQiOiAiZjA2NTYzMWItMTY0Mi00NGZlLWJmZTQtYzZmNmYzZTkyOTY0IiwgInNlcnZpY2VFbmRwb2ludCI6ICJodHRwOi8vdmVyaXRhYmxlLWNsb3VkYWdlbnQtaXNzdWVyOjgwMDAiLCAibGFiZWwiOiAiaXNzdWVyLmFnZW50IiwgInJlY2lwaWVudEtleXMiOiBbIkRTVWc1eDhIVGVWQmduYldaNGRkN0Y3WGQzUjNmcUU1UjNoeDh3d1NGa0RZIl19'
}
Invitation body {
  '@type': 'did:sov:BzCbsNYhMrjHiqZDTUASHg;spec/connections/1.0/invitation',
  '@id': 'f065631b-1642-44fe-bfe4-c6f6f3e92964',
  serviceEndpoint: 'http://veritable-cloudagent-issuer:8000',
  label: 'issuer.agent',
  recipientKeys: [ 'DSUg5x8HTeVBgnbWZ4dd7F7Xd3R3fqE5R3hx8wwSFkDY' ]
}
Accept invitation response {
  created_at: '2023-11-15T15:51:55.020640Z',
  their_role: 'inviter',
  their_label: 'issuer.agent',
  my_did: 'EiLdqQvKkQrRSyAnCPhtHj',
  updated_at: '2023-11-15T15:51:55.144673Z',
  state: 'request',
  invitation_key: 'DSUg5x8HTeVBgnbWZ4dd7F7Xd3R3fqE5R3hx8wwSFkDY',
  routing_state: 'none',
  accept: 'auto',
  connection_protocol: 'connections/1.0',
  connection_id: '258b079f-c293-4f46-ada3-aeaef21cb1a2',
  rfc23_state: 'request-sent',
  invitation_mode: 'once',
  request_id: '51929899-6d73-49d8-9f4b-585acfc92075',
  invitation_msg_id: 'f065631b-1642-44fe-bfe4-c6f6f3e92964'
}
Message content {"content":"SELECT * FROM DUAL;"}
Connection ID e0b445f7-8e9b-4ffe-9468-3610669e7a83
Send message response {}
Invitation message {
  method: 'post',
  maxBodyLength: Infinity,
  url: 'http://localhost:8021/connections/create-invitation',
  headers: { 'Content-Type': 'application/json' },
  data: '{}'
}
Invitation response {
  connection_id: '26990099-097c-4ef4-bfa7-59b6e2650114',
  invitation: {
    '@type': 'did:sov:BzCbsNYhMrjHiqZDTUASHg;spec/connections/1.0/invitation',
    '@id': '7f89a10c-bb36-425a-a576-da3747a4f398',
    serviceEndpoint: 'http://veritable-cloudagent-issuer:8000',
    label: 'issuer.agent',
    recipientKeys: [ '8cFDWpqGvab8nK87mZZZsxUpmL65Y3KbUD2W8BboHHFT' ]
  },
  invitation_url: 'http://veritable-cloudagent-issuer:8000?c_i=eyJAdHlwZSI6ICJkaWQ6c292OkJ6Q2JzTlloTXJqSGlxWkRUVUFTSGc7c3BlYy9jb25uZWN0aW9ucy8xLjAvaW52aXRhdGlvbiIsICJAaWQiOiAiN2Y4OWExMGMtYmIzNi00MjVhLWE1NzYtZGEzNzQ3YTRmMzk4IiwgInNlcnZpY2VFbmRwb2ludCI6ICJodHRwOi8vdmVyaXRhYmxlLWNsb3VkYWdlbnQtaXNzdWVyOjgwMDAiLCAibGFiZWwiOiAiaXNzdWVyLmFnZW50IiwgInJlY2lwaWVudEtleXMiOiBbIjhjRkRXcHFHdmFiOG5LODdtWlpac3hVcG1MNjVZM0tiVUQyVzhCYm9ISEZUIl19'
}
Invitation body {
  '@type': 'did:sov:BzCbsNYhMrjHiqZDTUASHg;spec/connections/1.0/invitation',
  '@id': '7f89a10c-bb36-425a-a576-da3747a4f398',
  serviceEndpoint: 'http://veritable-cloudagent-issuer:8000',
  label: 'issuer.agent',
  recipientKeys: [ '8cFDWpqGvab8nK87mZZZsxUpmL65Y3KbUD2W8BboHHFT' ]
}
Accept invitation response {
  created_at: '2023-11-15T15:57:25.232424Z',
  their_role: 'inviter',
  their_label: 'issuer.agent',
  my_did: '2VuZVgRrKgNejgfV21Dt2G',
  updated_at: '2023-11-15T15:57:25.289705Z',
  state: 'request',
  invitation_key: '8cFDWpqGvab8nK87mZZZsxUpmL65Y3KbUD2W8BboHHFT',
  routing_state: 'none',
  accept: 'auto',
  connection_protocol: 'connections/1.0',
  connection_id: '2445296a-dba7-4407-84e6-459330f58e02',
  rfc23_state: 'request-sent',
  invitation_mode: 'once',
  request_id: '3a0d1a24-b054-4446-8820-b2469bb94320',
  invitation_msg_id: '7f89a10c-bb36-425a-a576-da3747a4f398'
}
Message content {"content":"SELECT * FROM DUAL;"}
Connection ID 26990099-097c-4ef4-bfa7-59b6e2650114
Send message response {}
Invitation message {
  method: 'post',
  maxBodyLength: Infinity,
  url: 'http://localhost:8021/connections/create-invitation',
  headers: { 'Content-Type': 'application/json' },
  data: '{}'
}
Invitation response {
  connection_id: '26f8536c-6020-4e59-8989-09b72a2dcf84',
  invitation: {
    '@type': 'did:sov:BzCbsNYhMrjHiqZDTUASHg;spec/connections/1.0/invitation',
    '@id': '8c5ee5bf-9e8a-4c9b-a15a-9a6716579542',
    serviceEndpoint: 'http://veritable-cloudagent-issuer:8000',
    label: 'issuer.agent',
    recipientKeys: [ '4xx2mWKtJ8SjYZtFX7xBJhS5ATwL7GxixSnNz6zuvzTH' ]
  },
  invitation_url: 'http://veritable-cloudagent-issuer:8000?c_i=eyJAdHlwZSI6ICJkaWQ6c292OkJ6Q2JzTlloTXJqSGlxWkRUVUFTSGc7c3BlYy9jb25uZWN0aW9ucy8xLjAvaW52aXRhdGlvbiIsICJAaWQiOiAiOGM1ZWU1YmYtOWU4YS00YzliLWExNWEtOWE2NzE2NTc5NTQyIiwgInNlcnZpY2VFbmRwb2ludCI6ICJodHRwOi8vdmVyaXRhYmxlLWNsb3VkYWdlbnQtaXNzdWVyOjgwMDAiLCAibGFiZWwiOiAiaXNzdWVyLmFnZW50IiwgInJlY2lwaWVudEtleXMiOiBbIjR4eDJtV0t0SjhTalladEZYN3hCSmhTNUFUd0w3R3hpeFNuTno2enV2elRIIl19'
}
Invitation body {
  '@type': 'did:sov:BzCbsNYhMrjHiqZDTUASHg;spec/connections/1.0/invitation',
  '@id': '8c5ee5bf-9e8a-4c9b-a15a-9a6716579542',
  serviceEndpoint: 'http://veritable-cloudagent-issuer:8000',
  label: 'issuer.agent',
  recipientKeys: [ '4xx2mWKtJ8SjYZtFX7xBJhS5ATwL7GxixSnNz6zuvzTH' ]
}
Accept invitation response {
  created_at: '2023-11-15T15:59:48.682403Z',
  their_role: 'inviter',
  their_label: 'issuer.agent',
  my_did: 'E2hzpJ8N8KSeAgaQtnHubD',
  updated_at: '2023-11-15T15:59:48.772656Z',
  state: 'request',
  invitation_key: '4xx2mWKtJ8SjYZtFX7xBJhS5ATwL7GxixSnNz6zuvzTH',
  routing_state: 'none',
  accept: 'auto',
  connection_protocol: 'connections/1.0',
  connection_id: '7521907d-ba4f-4e3b-8b27-4dad5a9bffab',
  rfc23_state: 'request-sent',
  invitation_mode: 'once',
  request_id: '86d7c923-a9d6-482f-957b-66d5d8eeb743',
  invitation_msg_id: '8c5ee5bf-9e8a-4c9b-a15a-9a6716579542'
}
Message content {"content":"SELECT * FROM DUAL;"}
Connection ID 26f8536c-6020-4e59-8989-09b72a2dcf84
Send message response {}
Invitation message {
  method: 'post',
  maxBodyLength: Infinity,
  url: 'http://localhost:8021/connections/create-invitation',
  headers: { 'Content-Type': 'application/json' },
  data: '{}'
}
Invitation response {
  connection_id: '4807ecc4-b139-43ef-95b6-2e34f6f7b5d7',
  invitation: {
    '@type': 'did:sov:BzCbsNYhMrjHiqZDTUASHg;spec/connections/1.0/invitation',
    '@id': 'cdd25717-03b4-4943-b2a8-f5430c49fd2e',
    serviceEndpoint: 'http://veritable-cloudagent-issuer:8000',
    label: 'issuer.agent',
    recipientKeys: [ 'CnSzx2ZkjgGeN53edrJzfzkSamAGzUjoq1cjudN7xZog' ]
  },
  invitation_url: 'http://veritable-cloudagent-issuer:8000?c_i=eyJAdHlwZSI6ICJkaWQ6c292OkJ6Q2JzTlloTXJqSGlxWkRUVUFTSGc7c3BlYy9jb25uZWN0aW9ucy8xLjAvaW52aXRhdGlvbiIsICJAaWQiOiAiY2RkMjU3MTctMDNiNC00OTQzLWIyYTgtZjU0MzBjNDlmZDJlIiwgInNlcnZpY2VFbmRwb2ludCI6ICJodHRwOi8vdmVyaXRhYmxlLWNsb3VkYWdlbnQtaXNzdWVyOjgwMDAiLCAibGFiZWwiOiAiaXNzdWVyLmFnZW50IiwgInJlY2lwaWVudEtleXMiOiBbIkNuU3p4MlpramdHZU41M2Vkckp6ZnprU2FtQUd6VWpvcTFjanVkTjd4Wm9nIl19'
}
Invitation body {
  '@type': 'did:sov:BzCbsNYhMrjHiqZDTUASHg;spec/connections/1.0/invitation',
  '@id': 'cdd25717-03b4-4943-b2a8-f5430c49fd2e',
  serviceEndpoint: 'http://veritable-cloudagent-issuer:8000',
  label: 'issuer.agent',
  recipientKeys: [ 'CnSzx2ZkjgGeN53edrJzfzkSamAGzUjoq1cjudN7xZog' ]
}
Accept invitation response {
  created_at: '2023-11-15T16:00:25.971079Z',
  their_role: 'inviter',
  their_label: 'issuer.agent',
  my_did: 'UCyGtWJzCMmdvzsFHYLsgk',
  updated_at: '2023-11-15T16:00:26.183279Z',
  state: 'request',
  invitation_key: 'CnSzx2ZkjgGeN53edrJzfzkSamAGzUjoq1cjudN7xZog',
  routing_state: 'none',
  accept: 'auto',
  connection_protocol: 'connections/1.0',
  connection_id: 'bc400159-7f80-410e-b90e-71eb73131d33',
  rfc23_state: 'request-sent',
  invitation_mode: 'once',
  request_id: '0b1c6a0b-db96-40d6-9dbf-3123c1d93310',
  invitation_msg_id: 'cdd25717-03b4-4943-b2a8-f5430c49fd2e'
}
Message content {"content":"SELECT * FROM DUAL;"}
Connection ID 4807ecc4-b139-43ef-95b6-2e34f6f7b5d7
Send message response {}
Invitation message {
  method: 'post',
  maxBodyLength: Infinity,
  url: 'http://localhost:8021/connections/create-invitation',
  headers: { 'Content-Type': 'application/json' },
  data: '{}'
}
Invitation response {
  connection_id: 'e61f6cb4-ed0d-4163-842c-fd3cfbbc6d5a',
  invitation: {
    '@type': 'did:sov:BzCbsNYhMrjHiqZDTUASHg;spec/connections/1.0/invitation',
    '@id': '1dc62573-13a1-4325-bdf7-d783ededb365',
    serviceEndpoint: 'http://veritable-cloudagent-issuer:8000',
    label: 'issuer.agent',
    recipientKeys: [ 'Hh2reE3GnkkyKYQPzDqECUcm9m8zjByEWSGsDkdWfoV9' ]
  },
  invitation_url: 'http://veritable-cloudagent-issuer:8000?c_i=eyJAdHlwZSI6ICJkaWQ6c292OkJ6Q2JzTlloTXJqSGlxWkRUVUFTSGc7c3BlYy9jb25uZWN0aW9ucy8xLjAvaW52aXRhdGlvbiIsICJAaWQiOiAiMWRjNjI1NzMtMTNhMS00MzI1LWJkZjctZDc4M2VkZWRiMzY1IiwgInNlcnZpY2VFbmRwb2ludCI6ICJodHRwOi8vdmVyaXRhYmxlLWNsb3VkYWdlbnQtaXNzdWVyOjgwMDAiLCAibGFiZWwiOiAiaXNzdWVyLmFnZW50IiwgInJlY2lwaWVudEtleXMiOiBbIkhoMnJlRTNHbmtreUtZUVB6RHFFQ1VjbTltOHpqQnlFV1NHc0RrZFdmb1Y5Il19'
}
Invitation body {
  '@type': 'did:sov:BzCbsNYhMrjHiqZDTUASHg;spec/connections/1.0/invitation',
  '@id': '1dc62573-13a1-4325-bdf7-d783ededb365',
  serviceEndpoint: 'http://veritable-cloudagent-issuer:8000',
  label: 'issuer.agent',
  recipientKeys: [ 'Hh2reE3GnkkyKYQPzDqECUcm9m8zjByEWSGsDkdWfoV9' ]
}
Accept invitation response {
  created_at: '2023-11-15T16:01:24.830492Z',
  their_role: 'inviter',
  their_label: 'issuer.agent',
  my_did: 'SbG4CHqS9KnAGGvAipKMxU',
  updated_at: '2023-11-15T16:01:25.033796Z',
  state: 'request',
  invitation_key: 'Hh2reE3GnkkyKYQPzDqECUcm9m8zjByEWSGsDkdWfoV9',
  routing_state: 'none',
  accept: 'auto',
  connection_protocol: 'connections/1.0',
  connection_id: '1dfdc7c6-97ae-40c5-9e1a-9df97822c545',
  rfc23_state: 'request-sent',
  invitation_mode: 'once',
  request_id: '5adf0c8f-793f-49a3-aaa0-a2d00b19b752',
  invitation_msg_id: '1dc62573-13a1-4325-bdf7-d783ededb365'
}
Message content {"content":"SELECT * FROM DUAL;"}
Connection ID e61f6cb4-ed0d-4163-842c-fd3cfbbc6d5a
Send message response {}
Invitation message {
  method: 'post',
  maxBodyLength: Infinity,
  url: 'http://localhost:8021/connections/create-invitation',
  headers: { 'Content-Type': 'application/json' },
  data: '{}'
}
Invitation response {
  connection_id: '8eadd676-5564-4a89-a17c-202e0e648118',
  invitation: {
    '@type': 'did:sov:BzCbsNYhMrjHiqZDTUASHg;spec/connections/1.0/invitation',
    '@id': '7458233e-7416-4cd0-b6c3-7679db3f5e16',
    serviceEndpoint: 'http://veritable-cloudagent-issuer:8000',
    label: 'issuer.agent',
    recipientKeys: [ 'CHHg9t1ecaw3aTpph6V8q3dzz51pceVjMxpJF2DHmtqg' ]
  },
  invitation_url: 'http://veritable-cloudagent-issuer:8000?c_i=eyJAdHlwZSI6ICJkaWQ6c292OkJ6Q2JzTlloTXJqSGlxWkRUVUFTSGc7c3BlYy9jb25uZWN0aW9ucy8xLjAvaW52aXRhdGlvbiIsICJAaWQiOiAiNzQ1ODIzM2UtNzQxNi00Y2QwLWI2YzMtNzY3OWRiM2Y1ZTE2IiwgInNlcnZpY2VFbmRwb2ludCI6ICJodHRwOi8vdmVyaXRhYmxlLWNsb3VkYWdlbnQtaXNzdWVyOjgwMDAiLCAibGFiZWwiOiAiaXNzdWVyLmFnZW50IiwgInJlY2lwaWVudEtleXMiOiBbIkNISGc5dDFlY2F3M2FUcHBoNlY4cTNkeno1MXBjZVZqTXhwSkYyREhtdHFnIl19'
}
Invitation body {
  '@type': 'did:sov:BzCbsNYhMrjHiqZDTUASHg;spec/connections/1.0/invitation',
  '@id': '7458233e-7416-4cd0-b6c3-7679db3f5e16',
  serviceEndpoint: 'http://veritable-cloudagent-issuer:8000',
  label: 'issuer.agent',
  recipientKeys: [ 'CHHg9t1ecaw3aTpph6V8q3dzz51pceVjMxpJF2DHmtqg' ]
}
Accept invitation response {
  created_at: '2023-11-15T16:01:54.184463Z',
  their_role: 'inviter',
  their_label: 'issuer.agent',
  my_did: 'X81RHwxRDcqSmWXLD3Pn2N',
  updated_at: '2023-11-15T16:01:54.248427Z',
  state: 'request',
  invitation_key: 'CHHg9t1ecaw3aTpph6V8q3dzz51pceVjMxpJF2DHmtqg',
  routing_state: 'none',
  accept: 'auto',
  connection_protocol: 'connections/1.0',
  connection_id: 'd7870cfe-52b6-4baf-ba9b-ad3436871bed',
  rfc23_state: 'request-sent',
  invitation_mode: 'once',
  request_id: '08a0381d-e8ea-4de2-bd62-f8e6d3c901a9',
  invitation_msg_id: '7458233e-7416-4cd0-b6c3-7679db3f5e16'
}
Message content {"content":"SELECT * FROM DUAL;"}
Connection ID 8eadd676-5564-4a89-a17c-202e0e648118
Send message response {}
Invitation message {
  method: 'post',
  maxBodyLength: Infinity,
  url: 'http://localhost:8021/connections/create-invitation',
  headers: { 'Content-Type': 'application/json' },
  data: '{}'
}
Invitation response {
  connection_id: 'e40f41b4-072a-4661-a1db-e57ec6363ce5',
  invitation: {
    '@type': 'did:sov:BzCbsNYhMrjHiqZDTUASHg;spec/connections/1.0/invitation',
    '@id': 'bf0cbac4-1995-4769-869c-375420144cc2',
    serviceEndpoint: 'http://veritable-cloudagent-issuer:8000',
    label: 'issuer.agent',
    recipientKeys: [ 'A93QN6VWtBzhek7qug3fwMpBKr29tU8xtxAoACyh5oA4' ]
  },
  invitation_url: 'http://veritable-cloudagent-issuer:8000?c_i=eyJAdHlwZSI6ICJkaWQ6c292OkJ6Q2JzTlloTXJqSGlxWkRUVUFTSGc7c3BlYy9jb25uZWN0aW9ucy8xLjAvaW52aXRhdGlvbiIsICJAaWQiOiAiYmYwY2JhYzQtMTk5NS00NzY5LTg2OWMtMzc1NDIwMTQ0Y2MyIiwgInNlcnZpY2VFbmRwb2ludCI6ICJodHRwOi8vdmVyaXRhYmxlLWNsb3VkYWdlbnQtaXNzdWVyOjgwMDAiLCAibGFiZWwiOiAiaXNzdWVyLmFnZW50IiwgInJlY2lwaWVudEtleXMiOiBbIkE5M1FONlZXdEJ6aGVrN3F1ZzNmd01wQktyMjl0VTh4dHhBb0FDeWg1b0E0Il19'
}
Invitation body {
  '@type': 'did:sov:BzCbsNYhMrjHiqZDTUASHg;spec/connections/1.0/invitation',
  '@id': 'bf0cbac4-1995-4769-869c-375420144cc2',
  serviceEndpoint: 'http://veritable-cloudagent-issuer:8000',
  label: 'issuer.agent',
  recipientKeys: [ 'A93QN6VWtBzhek7qug3fwMpBKr29tU8xtxAoACyh5oA4' ]
}
Accept invitation response {
  created_at: '2023-11-15T16:02:18.619480Z',
  their_role: 'inviter',
  their_label: 'issuer.agent',
  my_did: 'QbhVc3K8ZNUPR91yYmJK6b',
  updated_at: '2023-11-15T16:02:18.746496Z',
  state: 'request',
  invitation_key: 'A93QN6VWtBzhek7qug3fwMpBKr29tU8xtxAoACyh5oA4',
  routing_state: 'none',
  accept: 'auto',
  connection_protocol: 'connections/1.0',
  connection_id: '436c113c-3f4f-4c9f-ba30-9f1618553464',
  rfc23_state: 'request-sent',
  invitation_mode: 'once',
  request_id: '2cd234c4-c06c-46ec-8ed5-0387dc282f1d',
  invitation_msg_id: 'bf0cbac4-1995-4769-869c-375420144cc2'
}
Message content {"content":"SELECT * FROM DUAL;"}
Connection ID e40f41b4-072a-4661-a1db-e57ec6363ce5
Send message response {}
Invitation message {
  method: 'post',
  maxBodyLength: Infinity,
  url: 'http://localhost:8021/connections/create-invitation',
  headers: { 'Content-Type': 'application/json' },
  data: '{}'
}
Invitation response {
  connection_id: '65c1679f-293f-4e69-8269-db98dfafaf7e',
  invitation: {
    '@type': 'did:sov:BzCbsNYhMrjHiqZDTUASHg;spec/connections/1.0/invitation',
    '@id': 'e03f3fc1-638f-4a11-b679-96538581b187',
    serviceEndpoint: 'http://veritable-cloudagent-issuer:8000',
    label: 'issuer.agent',
    recipientKeys: [ 'GPr56tZcWAnkPBucUShFZT79qMxSM52pqqNwA8UAEAi' ]
  },
  invitation_url: 'http://veritable-cloudagent-issuer:8000?c_i=eyJAdHlwZSI6ICJkaWQ6c292OkJ6Q2JzTlloTXJqSGlxWkRUVUFTSGc7c3BlYy9jb25uZWN0aW9ucy8xLjAvaW52aXRhdGlvbiIsICJAaWQiOiAiZTAzZjNmYzEtNjM4Zi00YTExLWI2NzktOTY1Mzg1ODFiMTg3IiwgInNlcnZpY2VFbmRwb2ludCI6ICJodHRwOi8vdmVyaXRhYmxlLWNsb3VkYWdlbnQtaXNzdWVyOjgwMDAiLCAibGFiZWwiOiAiaXNzdWVyLmFnZW50IiwgInJlY2lwaWVudEtleXMiOiBbIkdQcjU2dFpjV0Fua1BCdWNVU2hGWlQ3OXFNeFNNNTJwcXFOd0E4VUFFQWkiXX0='
}
Invitation body {
  '@type': 'did:sov:BzCbsNYhMrjHiqZDTUASHg;spec/connections/1.0/invitation',
  '@id': 'e03f3fc1-638f-4a11-b679-96538581b187',
  serviceEndpoint: 'http://veritable-cloudagent-issuer:8000',
  label: 'issuer.agent',
  recipientKeys: [ 'GPr56tZcWAnkPBucUShFZT79qMxSM52pqqNwA8UAEAi' ]
}
Accept invitation response {
  created_at: '2023-11-15T16:02:27.627197Z',
  their_role: 'inviter',
  their_label: 'issuer.agent',
  my_did: 'JkftHfrJYz5EpZxTFTsGui',
  updated_at: '2023-11-15T16:02:27.827082Z',
  state: 'request',
  invitation_key: 'GPr56tZcWAnkPBucUShFZT79qMxSM52pqqNwA8UAEAi',
  routing_state: 'none',
  accept: 'auto',
  connection_protocol: 'connections/1.0',
  connection_id: '46c5e1d2-7b3c-4132-a936-bd91afdcd2b7',
  rfc23_state: 'request-sent',
  invitation_mode: 'once',
  request_id: '7aa6b9d3-34a1-4556-8207-46054e38fc72',
  invitation_msg_id: 'e03f3fc1-638f-4a11-b679-96538581b187'
}
Message content {"content":"SELECT * FROM DUAL;"}
Connection ID 65c1679f-293f-4e69-8269-db98dfafaf7e
Send message response {}
Invitation message {
  method: 'post',
  maxBodyLength: Infinity,
  url: 'http://localhost:8021/connections/create-invitation',
  headers: { 'Content-Type': 'application/json' },
  data: '{}'
}
Invitation response {
  connection_id: '3f818597-2b5b-4102-838f-d658cdb3fc8a',
  invitation: {
    '@type': 'did:sov:BzCbsNYhMrjHiqZDTUASHg;spec/connections/1.0/invitation',
    '@id': 'fad5d4e0-9a7b-44b0-b428-b79f22cf9594',
    serviceEndpoint: 'http://veritable-cloudagent-issuer:8000',
    label: 'issuer.agent',
    recipientKeys: [ 'A5EovLiqeMeDciFmEHDrnpH7e6N7iGhPBM5TBLCKgobf' ]
  },
  invitation_url: 'http://veritable-cloudagent-issuer:8000?c_i=eyJAdHlwZSI6ICJkaWQ6c292OkJ6Q2JzTlloTXJqSGlxWkRUVUFTSGc7c3BlYy9jb25uZWN0aW9ucy8xLjAvaW52aXRhdGlvbiIsICJAaWQiOiAiZmFkNWQ0ZTAtOWE3Yi00NGIwLWI0MjgtYjc5ZjIyY2Y5NTk0IiwgInNlcnZpY2VFbmRwb2ludCI6ICJodHRwOi8vdmVyaXRhYmxlLWNsb3VkYWdlbnQtaXNzdWVyOjgwMDAiLCAibGFiZWwiOiAiaXNzdWVyLmFnZW50IiwgInJlY2lwaWVudEtleXMiOiBbIkE1RW92TGlxZU1lRGNpRm1FSERybnBIN2U2TjdpR2hQQk01VEJMQ0tnb2JmIl19'
}
Invitation body {
  '@type': 'did:sov:BzCbsNYhMrjHiqZDTUASHg;spec/connections/1.0/invitation',
  '@id': 'fad5d4e0-9a7b-44b0-b428-b79f22cf9594',
  serviceEndpoint: 'http://veritable-cloudagent-issuer:8000',
  label: 'issuer.agent',
  recipientKeys: [ 'A5EovLiqeMeDciFmEHDrnpH7e6N7iGhPBM5TBLCKgobf' ]
}
Accept invitation response {
  created_at: '2023-11-15T16:02:38.935483Z',
  their_role: 'inviter',
  their_label: 'issuer.agent',
  my_did: 'QA5DqnjrKjUTuD9HWv8xq9',
  updated_at: '2023-11-15T16:02:39.029983Z',
  state: 'request',
  invitation_key: 'A5EovLiqeMeDciFmEHDrnpH7e6N7iGhPBM5TBLCKgobf',
  routing_state: 'none',
  accept: 'auto',
  connection_protocol: 'connections/1.0',
  connection_id: '4c5d6aeb-e485-4a83-a719-b4746f3ea2ba',
  rfc23_state: 'request-sent',
  invitation_mode: 'once',
  request_id: '2312db61-d0c3-4ea0-a1ce-f4259b9a6a31',
  invitation_msg_id: 'fad5d4e0-9a7b-44b0-b428-b79f22cf9594'
}
Message content {"content":"SELECT * FROM DUAL;"}
Connection ID 3f818597-2b5b-4102-838f-d658cdb3fc8a
Send message response {}
Invitation message {
  method: 'post',
  maxBodyLength: Infinity,
  url: 'http://localhost:8021/connections/create-invitation',
  headers: { 'Content-Type': 'application/json' },
  data: '{}'
}
Invitation response {
  connection_id: 'a56356d4-a014-4641-85e8-ab819dd16570',
  invitation: {
    '@type': 'did:sov:BzCbsNYhMrjHiqZDTUASHg;spec/connections/1.0/invitation',
    '@id': '2f49d4ea-3ca0-4b06-b186-84dc7fb89355',
    serviceEndpoint: 'http://veritable-cloudagent-issuer:8000',
    label: 'issuer.agent',
    recipientKeys: [ 'BmmdqwKB3vKo49S66nnFvFTHa1MiFp51GFS61Vi8aS3B' ]
  },
  invitation_url: 'http://veritable-cloudagent-issuer:8000?c_i=eyJAdHlwZSI6ICJkaWQ6c292OkJ6Q2JzTlloTXJqSGlxWkRUVUFTSGc7c3BlYy9jb25uZWN0aW9ucy8xLjAvaW52aXRhdGlvbiIsICJAaWQiOiAiMmY0OWQ0ZWEtM2NhMC00YjA2LWIxODYtODRkYzdmYjg5MzU1IiwgInNlcnZpY2VFbmRwb2ludCI6ICJodHRwOi8vdmVyaXRhYmxlLWNsb3VkYWdlbnQtaXNzdWVyOjgwMDAiLCAibGFiZWwiOiAiaXNzdWVyLmFnZW50IiwgInJlY2lwaWVudEtleXMiOiBbIkJtbWRxd0tCM3ZLbzQ5UzY2bm5GdkZUSGExTWlGcDUxR0ZTNjFWaThhUzNCIl19'
}
Invitation body {
  '@type': 'did:sov:BzCbsNYhMrjHiqZDTUASHg;spec/connections/1.0/invitation',
  '@id': '2f49d4ea-3ca0-4b06-b186-84dc7fb89355',
  serviceEndpoint: 'http://veritable-cloudagent-issuer:8000',
  label: 'issuer.agent',
  recipientKeys: [ 'BmmdqwKB3vKo49S66nnFvFTHa1MiFp51GFS61Vi8aS3B' ]
}
Accept invitation response {
  created_at: '2023-11-15T16:04:53.981882Z',
  their_role: 'inviter',
  their_label: 'issuer.agent',
  my_did: '8htEsBAYrKSDjyWSevtYeU',
  updated_at: '2023-11-15T16:04:54.243123Z',
  state: 'request',
  invitation_key: 'BmmdqwKB3vKo49S66nnFvFTHa1MiFp51GFS61Vi8aS3B',
  routing_state: 'none',
  accept: 'auto',
  connection_protocol: 'connections/1.0',
  connection_id: 'ad89f7b5-542b-4d29-9343-f8091823b83f',
  rfc23_state: 'request-sent',
  invitation_mode: 'once',
  request_id: '3405bb83-36c1-4f10-b7ba-35957ee8a2f2',
  invitation_msg_id: '2f49d4ea-3ca0-4b06-b186-84dc7fb89355'
}
Message content {"content":"SELECT * FROM DUAL;"}
Connection ID a56356d4-a014-4641-85e8-ab819dd16570
Send message response {}
Invitation message {
  method: 'post',
  maxBodyLength: Infinity,
  url: 'http://localhost:8021/connections/create-invitation',
  headers: { 'Content-Type': 'application/json' },
  data: '{}'
}
Invitation response {
  connection_id: '89763c55-f69b-4994-927f-d2a35c003e52',
  invitation: {
    '@type': 'did:sov:BzCbsNYhMrjHiqZDTUASHg;spec/connections/1.0/invitation',
    '@id': 'b020fbf1-776f-4cb2-9b33-fccfe5819959',
    serviceEndpoint: 'http://veritable-cloudagent-issuer:8000',
    label: 'issuer.agent',
    recipientKeys: [ '78s4AVPNNqaLeNVA8VLsAJE2xP4hbp2QfNUKEMoQaen7' ]
  },
  invitation_url: 'http://veritable-cloudagent-issuer:8000?c_i=eyJAdHlwZSI6ICJkaWQ6c292OkJ6Q2JzTlloTXJqSGlxWkRUVUFTSGc7c3BlYy9jb25uZWN0aW9ucy8xLjAvaW52aXRhdGlvbiIsICJAaWQiOiAiYjAyMGZiZjEtNzc2Zi00Y2IyLTliMzMtZmNjZmU1ODE5OTU5IiwgInNlcnZpY2VFbmRwb2ludCI6ICJodHRwOi8vdmVyaXRhYmxlLWNsb3VkYWdlbnQtaXNzdWVyOjgwMDAiLCAibGFiZWwiOiAiaXNzdWVyLmFnZW50IiwgInJlY2lwaWVudEtleXMiOiBbIjc4czRBVlBOTnFhTGVOVkE4VkxzQUpFMnhQNGhicDJRZk5VS0VNb1FhZW43Il19'
}
Invitation body {
  '@type': 'did:sov:BzCbsNYhMrjHiqZDTUASHg;spec/connections/1.0/invitation',
  '@id': 'b020fbf1-776f-4cb2-9b33-fccfe5819959',
  serviceEndpoint: 'http://veritable-cloudagent-issuer:8000',
  label: 'issuer.agent',
  recipientKeys: [ '78s4AVPNNqaLeNVA8VLsAJE2xP4hbp2QfNUKEMoQaen7' ]
}
Accept invitation response {
  created_at: '2023-11-15T16:05:08.883698Z',
  their_role: 'inviter',
  their_label: 'issuer.agent',
  my_did: 'TeSwnVfJ3ZW2TrrgSLChtS',
  updated_at: '2023-11-15T16:05:08.997799Z',
  state: 'request',
  invitation_key: '78s4AVPNNqaLeNVA8VLsAJE2xP4hbp2QfNUKEMoQaen7',
  routing_state: 'none',
  accept: 'auto',
  connection_protocol: 'connections/1.0',
  connection_id: 'ba96671c-4c67-4667-896a-f8614a492b1a',
  rfc23_state: 'request-sent',
  invitation_mode: 'once',
  request_id: '3692ee03-0f65-4f77-a2af-f4dd97314963',
  invitation_msg_id: 'b020fbf1-776f-4cb2-9b33-fccfe5819959'
}
Message content {"content":"SELECT * FROM DUAL;"}
Connection ID 89763c55-f69b-4994-927f-d2a35c003e52
Send message response {}
